生成启动时间为 2017/7/25 14:23:45。
     1>项目“C:\Users\wenba\Desktop\FT\FTtest\FTtest\FTtest.vcxproj”在节点 2 上(Rebuild 个目标)。
     1>ClCompile:
         E:\软件\vs2013\VC\bin\x86_amd64\CL.exe /c /Zi /nologo /W3 /WX- /sdl /Od /D WIN32 /D _DEBUG /D _CONSOLE /D _LIB /D _CRT_SECURE_NO_WARNINGS /D _UNICODE /D UNICODE /Gm /EHsc /RTC1 /MDd /GS /fp:precise /Zc:wchar_t /Zc:forScope /Fo"x64\Debug\\" /Fd"x64\Debug\vc120.pdb" /Gd /TP /errorReport:prompt CvxText.cpp maintest.cpp Source2.cpp
         Source2.cpp
     1>E:\opencv320\include\opencv2/core/mat.hpp(1926): warning C4819: 该文件包含不能在当前代码页(936)中表示的字符。请将该文件保存为 Unicode 格式以防止数据丢失
     1>E:\opencv320\include\opencv2/core/persistence.hpp : warning C4819: 该文件包含不能在当前代码页(936)中表示的字符。请将该文件保存为 Unicode 格式以防止数据丢失
     1>E:\opencv320\include\opencv2/core/utility.hpp : warning C4819: 该文件包含不能在当前代码页(936)中表示的字符。请将该文件保存为 Unicode 格式以防止数据丢失
     1>E:\opencv320\include\opencv2/imgproc.hpp(617): warning C4819: 该文件包含不能在当前代码页(936)中表示的字符。请将该文件保存为 Unicode 格式以防止数据丢失
         maintest.cpp
         CvxText.cpp
     1>E:\opencv320\include\opencv2/core/mat.hpp(1926): warning C4819: 该文件包含不能在当前代码页(936)中表示的字符。请将该文件保存为 Unicode 格式以防止数据丢失
     1>E:\opencv320\include\opencv2/core/persistence.hpp : warning C4819: 该文件包含不能在当前代码页(936)中表示的字符。请将该文件保存为 Unicode 格式以防止数据丢失
     1>E:\opencv320\include\opencv2/core/utility.hpp : warning C4819: 该文件包含不能在当前代码页(936)中表示的字符。请将该文件保存为 Unicode 格式以防止数据丢失
     1>E:\opencv320\include\opencv2/imgproc.hpp(617): warning C4819: 该文件包含不能在当前代码页(936)中表示的字符。请将该文件保存为 Unicode 格式以防止数据丢失
     1>CvxText.cpp(315): warning C4244: “=”: 从“double”转换到“uchar”，可能丢失数据
         正在生成代码...
       Link:
         E:\软件\vs2013\VC\bin\x86_amd64\link.exe /ERRORREPORT:PROMPT /OUT:"C:\Users\wenba\Desktop\FT\FTtest\x64\Debug\FTtest.exe" /INCREMENTAL /NOLOGO freetype28d.lib opencv_core320d.lib opencv_highgui320d.lib opencv_text320d.lib opencv_dnn320d.lib opencv_features2d320d.lib opencv_imgproc320d.lib kernel32.lib user32.lib gdi32.lib winspool.lib comdlg32.lib advapi32.lib shell32.lib ole32.lib oleaut32.lib uuid.lib odbc32.lib odbccp32.lib /MANIFEST /MANIFESTUAC:"level='asInvoker' uiAccess='false'" /manifest:embed /DEBUG /PDB:"C:\Users\wenba\Desktop\FT\FTtest\x64\Debug\FTtest.pdb" /SUBSYSTEM:CONSOLE /TLBID:1 /DYNAMICBASE /NXCOMPAT /IMPLIB:"C:\Users\wenba\Desktop\FT\FTtest\x64\Debug\FTtest.lib" /MACHINE:X64 x64\Debug\CvxText.obj
         x64\Debug\maintest.obj
         x64\Debug\Source2.obj
     1>Source2.obj : error LNK2019: 无法解析的外部符号 "class cv::Mat __cdecl cv::imread(class cv::String const &,int)" (?imread@cv@@YA?AVMat@1@AEBVString@1@H@Z)，该符号在函数 main 中被引用
     1>C:\Users\wenba\Desktop\FT\FTtest\x64\Debug\FTtest.exe : fatal error LNK1120: 1 个无法解析的外部命令
     1>已完成生成项目“C:\Users\wenba\Desktop\FT\FTtest\FTtest\FTtest.vcxproj”(Rebuild 个目标)的操作 - 失败。

生成失败。

已用时间 00:00:02.57
